# JRE version: OpenJDK Runtime Environment (8.0_112-b224) (build 1.8.0_112-release-b736)
# Java VM: OpenJDK 64-Bit Server VM (25.112-b736 mixed mode linux-amd64 compressed oops)
Heap:
 PSYoungGen      total 486912K, used 81998K [0x00000000e0000000, 0x0000000100000000, 0x0000000100000000)
  eden space 465920K, 13% used [0x00000000e0000000,0x00000000e3bd3580,0x00000000fc700000)
  from space 20992K, 98% used [0x00000000fc700000,0x00000000fdb40588,0x00000000fdb80000)
  to   space 30720K, 0% used [0x00000000fe200000,0x00000000fe200000,0x0000000100000000)
 ParOldGen       total 161792K, used 93577K [0x00000000a0000000, 0x00000000a9e00000, 0x00000000e0000000)
  object space 161792K, 57% used [0x00000000a0000000,0x00000000a5b62748,0x00000000a9e00000)
 Metaspace       used 81244K, capacity 86128K, committed 86400K, reserved 1124352K
  class space    used 10382K, capacity 11565K, committed 11648K, reserved 1048576K
GC Heap History (10 events):
Event: 3252.082 GC heap before
{Heap before GC invocations=25 (full 3):
 PSYoungGen      total 500736K, used 482285K [0x00000000e0000000, 0x0000000100000000, 0x0000000100000000)
  eden space 478208K, 100% used [0x00000000e0000000,0x00000000fd300000,0x00000000fd300000)
  from space 22528K, 18% used [0x00000000fd300000,0x00000000fd6fb638,0x00000000fe900000)
  to   space 22016K, 0% used [0x00000000fea80000,0x00000000fea80000,0x0000000100000000)
 ParOldGen       total 108544K, used 88223K [0x00000000a0000000, 0x00000000a6a00000, 0x00000000e0000000)
  object space 108544K, 81% used [0x00000000a0000000,0x00000000a5627ca8,0x00000000a6a00000)
 Metaspace       used 74875K, capacity 78780K, committed 79104K, reserved 1118208K
  class space    used 9700K, capacity 10643K, committed 10752K, reserved 1048576K
Event: 3252.118 GC heap after
Heap after GC invocations=25 (full 3):
 PSYoungGen      total 499200K, used 6212K [0x00000000e0000000, 0x00000000ffd80000, 0x0000000100000000)
  eden space 479744K, 0% used [0x00000000e0000000,0x00000000e0000000,0x00000000fd480000)
  from space 19456K, 31% used [0x00000000fea80000,0x00000000ff091288,0x00000000ffd80000)
  to   space 20992K, 0% used [0x00000000fd480000,0x00000000fd480000,0x00000000fe900000)
 ParOldGen       total 108544K, used 90446K [0x00000000a0000000, 0x00000000a6a00000, 0x00000000e0000000)
  object space 108544K, 83% used [0x00000000a0000000,0x00000000a5853af0,0x00000000a6a00000)
 Metaspace       used 74875K, capacity 78780K, committed 79104K, reserved 1118208K
  class space    used 9700K, capacity 10643K, committed 10752K, reserved 1048576K
}
Event: 3254.405 GC heap before
{Heap before GC invocations=26 (full 3):
 PSYoungGen      total 499200K, used 485956K [0x00000000e0000000, 0x00000000ffd80000, 0x0000000100000000)
  eden space 479744K, 100% used [0x00000000e0000000,0x00000000fd480000,0x00000000fd480000)
  from space 19456K, 31% used [0x00000000fea80000,0x00000000ff091288,0x00000000ffd80000)
  to   space 20992K, 0% used [0x00000000fd480000,0x00000000fd480000,0x00000000fe900000)
 ParOldGen       total 108544K, used 90446K [0x00000000a0000000, 0x00000000a6a00000, 0x00000000e0000000)
  object space 108544K, 83% used [0x00000000a0000000,0x00000000a5853af0,0x00000000a6a00000)
 Metaspace       used 75666K, capacity 79576K, committed 79616K, reserved 1118208K
  class space    used 9782K, capacity 10713K, committed 10752K, reserved 1048576K
Event: 3254.573 GC heap after
Heap after GC invocations=26 (full 3):
 PSYoungGen      total 500736K, used 20977K [0x00000000e0000000, 0x0000000100000000, 0x0000000100000000)
  eden space 479744K, 0% used [0x00000000e0000000,0x00000000e0000000,0x00000000fd480000)
  from space 20992K, 99% used [0x00000000fd480000,0x00000000fe8fc710,0x00000000fe900000)
  to   space 23552K, 0% used [0x00000000fe900000,0x00000000fe900000,0x0000000100000000)
 ParOldGen       total 108544K, used 105757K [0x00000000a0000000, 0x00000000a6a00000, 0x00000000e0000000)
  object space 108544K, 97% used [0x00000000a0000000,0x00000000a6747428,0x00000000a6a00000)
 Metaspace       used 75666K, capacity 79576K, committed 79616K, reserved 1118208K
  class space    used 9782K, capacity 10713K, committed 10752K, reserved 1048576K
}
Event: 3254.622 GC heap before
{Heap before GC invocations=27 (full 4):
 PSYoungGen      total 500736K, used 20977K [0x00000000e0000000, 0x0000000100000000, 0x0000000100000000)
  eden space 479744K, 0% used [0x00000000e0000000,0x00000000e0000000,0x00000000fd480000)
  from space 20992K, 99% used [0x00000000fd480000,0x00000000fe8fc710,0x00000000fe900000)
  to   space 23552K, 0% used [0x00000000fe900000,0x00000000fe900000,0x0000000100000000)
 ParOldGen       total 108544K, used 105757K [0x00000000a0000000, 0x00000000a6a00000, 0x00000000e0000000)
  object space 108544K, 97% used [0x00000000a0000000,0x00000000a6747428,0x00000000a6a00000)
 Metaspace       used 75666K, capacity 79576K, committed 79616K, reserved 1118208K
  class space    used 9782K, capacity 10713K, committed 10752K, reserved 1048576K
Event: 3255.744 GC heap after
Heap after GC invocations=27 (full 4):
 PSYoungGen      total 500736K, used 0K [0x00000000e0000000, 0x0000000100000000, 0x0000000100000000)
  eden space 479744K, 0% used [0x00000000e0000000,0x00000000e0000000,0x00000000fd480000)
  from space 20992K, 0% used [0x00000000fd480000,0x00000000fd480000,0x00000000fe900000)
  to   space 23552K, 0% used [0x00000000fe900000,0x00000000fe900000,0x0000000100000000)
 ParOldGen       total 161792K, used 92017K [0x00000000a0000000, 0x00000000a9e00000, 0x00000000e0000000)
  object space 161792K, 56% used [0x00000000a0000000,0x00000000a59dc6e8,0x00000000a9e00000)
 Metaspace       used 74014K, capacity 77024K, committed 79616K, reserved 1118208K
  class space    used 9418K, capacity 10128K, committed 10752K, reserved 1048576K
}
Event: 3476.949 GC heap before
{Heap before GC invocations=28 (full 4):
 PSYoungGen      total 500736K, used 479744K [0x00000000e0000000, 0x0000000100000000, 0x0000000100000000)
  eden space 479744K, 100% used [0x00000000e0000000,0x00000000fd480000,0x00000000fd480000)
  from space 20992K, 0% used [0x00000000fd480000,0x00000000fd480000,0x00000000fe900000)
  to   space 23552K, 0% used [0x00000000fe900000,0x00000000fe900000,0x0000000100000000)
 ParOldGen       total 161792K, used 92017K [0x00000000a0000000, 0x00000000a9e00000, 0x00000000e0000000)
  object space 161792K, 56% used [0x00000000a0000000,0x00000000a59dc6e8,0x00000000a9e00000)
 Metaspace       used 75706K, capacity 78952K, committed 80384K, reserved 1118208K
  class space    used 9640K, capacity 10396K, committed 10752K, reserved 1048576K
Event: 3476.972 GC heap after
Heap after GC invocations=28 (full 4):
 PSYoungGen      total 489472K, used 6593K [0x00000000e0000000, 0x0000000100000000, 0x0000000100000000)
  eden space 465920K, 0% used [0x00000000e0000000,0x00000000e0000000,0x00000000fc700000)
  from space 23552K, 27% used [0x00000000fe900000,0x00000000fef70590,0x0000000100000000)
  to   space 29184K, 0% used [0x00000000fc700000,0x00000000fc700000,0x00000000fe380000)
 ParOldGen       total 161792K, used 92025K [0x00000000a0000000, 0x00000000a9e00000, 0x00000000e0000000)
  object space 161792K, 56% used [0x00000000a0000000,0x00000000a59de6e8,0x00000000a9e00000)
 Metaspace       used 75706K, capacity 78952K, committed 80384K, reserved 1118208K
  class space    used 9640K, capacity 10396K, committed 10752K, reserved 1048576K
}
Event: 4195.598 GC heap before
{Heap before GC invocations=29 (full 4):
 PSYoungGen      total 489472K, used 472513K [0x00000000e0000000, 0x0000000100000000, 0x0000000100000000)
  eden space 465920K, 100% used [0x00000000e0000000,0x00000000fc700000,0x00000000fc700000)
  from space 23552K, 27% used [0x00000000fe900000,0x00000000fef70590,0x0000000100000000)
  to   space 29184K, 0% used [0x00000000fc700000,0x00000000fc700000,0x00000000fe380000)
 ParOldGen       total 161792K, used 92025K [0x00000000a0000000, 0x00000000a9e00000, 0x00000000e0000000)
  object space 161792K, 56% used [0x00000000a0000000,0x00000000a59de6e8,0x00000000a9e00000)
 Metaspace       used 81120K, capacity 86028K, committed 86144K, reserved 1124352K
  class space    used 10378K, capacity 11559K, committed 11648K, reserved 1048576K
Event: 4203.402 GC heap after
Heap after GC invocations=29 (full 4):
 PSYoungGen      total 486912K, used 20737K [0x00000000e0000000, 0x0000000100000000, 0x0000000100000000)
  eden space 465920K, 0% used [0x00000000e0000000,0x00000000e0000000,0x00000000fc700000)
  from space 20992K, 98% used [0x00000000fc700000,0x00000000fdb40588,0x00000000fdb80000)
  to   space 30720K, 0% used [0x00000000fe200000,0x00000000fe200000,0x0000000100000000)
 ParOldGen       total 161792K, used 93577K [0x00000000a0000000, 0x00000000a9e00000, 0x00000000e0000000)
  object space 161792K, 57% used [0x00000000a0000000,0x00000000a5b62748,0x00000000a9e00000)
 Metaspace       used 81120K, capacity 86028K, committed 86144K, reserved 1124352K
  class space    used 10378K, capacity 11559K, committed 11648K, reserved 1048576K
}

